<?xml version="1.0" encoding="UTF-8"?>
<!-- Generated by org.testng.reporters.JUnitXMLReporter -->
<testsuite ignored="0" hostname="ASUS_VIVOBOOK" failures="1" tests="3" name="Default test" time="43.993" errors="0" timestamp="2025-06-27T08:59:50 IST">
  <testcase classname="seleniumframeworkdesign.StandAloneTest2" name="submitOrder" time="15.42"/>
  <testcase classname="seleniumframeworkdesign.StandAloneTest2" name="submitOrder" time="15.431"/>
  <testcase classname="seleniumframeworkdesign.StandAloneTest2" name="orderHistory" time="0.002">
    <failure type="org.testng.internal.reflect.MethodMatcherException" message="
[public void seleniumframeworkdesign.StandAloneTest2.orderHistory(java.lang.String)] has no parameters defined but was found to be using a data provider (either explicitly specified or inherited from class level annotation).
Data provider mismatch
Method: orderHistory([java.lang.String arg0])
Arguments: [(java.util.HashMap) {password=Abcd@1234, email=ankit1234@gmail.com, productName=ADIDAS ORIGINAL}]">
      <![CDATA[org.testng.internal.reflect.MethodMatcherException: 
[public void seleniumframeworkdesign.StandAloneTest2.orderHistory(java.lang.String)] has no parameters defined but was found to be using a data provider (either explicitly specified or inherited from class level annotation).
Data provider mismatch
Method: orderHistory([java.lang.String arg0])
Arguments: [(java.util.HashMap) {password=Abcd@1234, email=ankit1234@gmail.com, productName=ADIDAS ORIGINAL}]
at org.testng.internal.reflect.DataProviderMethodMatcher.getConformingArguments(DataProviderMethodMatcher.java:46)
at org.testng.internal.Parameters.injectParameters(Parameters.java:915)
at org.testng.internal.invokers.MethodRunner.runInSequence(MethodRunner.java:50)
at org.testng.internal.invokers.TestInvoker$MethodInvocationAgent.invoke(TestInvoker.java:995)
at org.testng.internal.invokers.TestInvoker.invokeTestMethods(TestInvoker.java:203)
at org.testng.internal.invokers.TestMethodWorker.invokeTestMethods(TestMethodWorker.java:154)
at org.testng.internal.invokers.TestMethodWorker.run(TestMethodWorker.java:134)
at java.base/java.util.ArrayList.forEach(ArrayList.java:1511)
at org.testng.TestRunner.privateRun(TestRunner.java:741)
at org.testng.TestRunner.run(TestRunner.java:616)
at org.testng.SuiteRunner.runTest(SuiteRunner.java:421)
at org.testng.SuiteRunner.runSequentially(SuiteRunner.java:413)
at org.testng.SuiteRunner.privateRun(SuiteRunner.java:373)
at org.testng.SuiteRunner.run(SuiteRunner.java:312)
at org.testng.SuiteRunnerWorker.runSuite(SuiteRunnerWorker.java:52)
at org.testng.SuiteRunnerWorker.run(SuiteRunnerWorker.java:95)
at org.testng.TestNG.runSuitesSequentially(TestNG.java:1274)
at org.testng.TestNG.runSuitesLocally(TestNG.java:1208)
at org.testng.TestNG.runSuites(TestNG.java:1112)
at org.testng.TestNG.run(TestNG.java:1079)
at org.testng.remote.AbstractRemoteTestNG.run(AbstractRemoteTestNG.java:115)
at org.testng.remote.RemoteTestNG.initAndRun(RemoteTestNG.java:293)
at org.testng.remote.RemoteTestNG.main(RemoteTestNG.java:91)
]]>
    </failure>
  </testcase> <!-- orderHistory -->
</testsuite> <!-- Default test -->
